2026-03-01 09:00:01 INFO Server started successfully
2026-03-01 09:00:05 INFO Health check OK
2026-03-01 09:01:12 INFO User login successful
2026-03-01 09:02:22 WARNING Disk usage 75%
2026-03-01 09:03:10 INFO File uploaded
2026-03-01 09:03:40 ERROR Database connection failed
2026-03-01 09:04:05 INFO User logout successful
2026-03-01 09:04:55 WARNING CPU usage 80%
2026-03-01 09:05:12 INFO New user registered
2026-03-01 09:06:00 ERROR Timeout while connecting to API
2026-03-01 09:06:15 INFO Health check OK
2026-03-01 09:07:10 INFO Product page viewed
2026-03-01 09:08:22 WARNING Disk usage 82%
2026-03-01 09:09:30 INFO Order placed successfully
2026-03-01 09:10:10 ERROR Payment gateway timeout
2026-03-01 09:11:01 INFO Cache refreshed
2026-03-01 09:12:05 INFO User login successful
2026-03-01 09:13:10 ERROR Database connection failed
2026-03-01 09:14:20 WARNING High memory usage detected
2026-03-01 09:15:11 INFO Product added to cart
2026-03-01 09:16:00 INFO Product removed from cart
2026-03-01 09:17:05 ERROR API rate limit exceeded
2026-03-01 09:18:30 INFO Session extended
2026-03-01 09:19:22 WARNING Disk usage 88%
2026-03-01 09:20:11 INFO User logout successful
2026-03-01 09:21:05 INFO Health check OK
2026-03-01 09:22:14 ERROR Timeout while connecting to API
2026-03-01 09:23:45 INFO Server status checked
2026-03-01 09:24:10 INFO Product page viewed
2026-03-01 09:25:12 WARNING CPU usage 85%
2026-03-01 09:26:30 INFO Order shipped
2026-03-01 09:27:01 ERROR Payment gateway timeout
2026-03-01 09:28:15 INFO Inventory updated
2026-03-01 09:29:20 INFO Product page viewed
2026-03-01 09:31:45 INFO Health check OK
2026-03-01 09:32:10 ERROR Database connection failed
2026-03-01 09:34:55 INFO User login successful
2026-03-01 09:38:10 INFO Order placed successfully
2026-03-01 09:39:45 INFO Product added to cart
2026-03-01 09:40:20 WARNING High memory usage detected
2026-03-01 09:41:12 INFO Health check OK
2026-03-01 09:43:30 INFO User logout successful
2026-03-01 09:44:05 INFO Server status checked
2026-03-01 09:47:20 ERROR Database connection failed
2026-03-01 09:48:15 INFO Inventory updated
2026-03-01 09:49:00 INFO Order shipped
2026-03-01 09:50:22 WARNING CPU usage 90%
2026-03-01 09:51:05 INFO Health check OK
2026-03-01 09:53:12 INFO Cache refreshed
2026-03-01 09:54:20 INFO User login successful
2026-03-01 09:55:30 WARNINGs Disk usage 95%
2026-03-01 09:56:10 INFO File uploaded
2026-03-01 09:58:11 INFO Product page viewed
2026-03-01 09:59:15 INFO Order placed successfully
2026-03-01 10:00:20 WARNING CPU usage 92%
2026-03-01 10:01:05 INFO Server started successfully
2026-03-01 10:03:20 INFO Health check OK
2026-03-01 10:04:05 WARNING High memory usage detected
2026-03-01 10:05:10 INFO Product added to cart
2026-03-01 10:06:20 ERROR API rate limit exceeded
2026-03-01 10:07:15 INFO Cache refreshed
2026-03-01 10:08:22 INFO User login successful
2026-03-01 10:09:30 WARNING Disk usage 96%
2026-03-01 10:10:40 INFO Order shipped
2026-03-01 10:12:10 INFO Server status checked
2026-03-01 10:13:20 WARNING CPU usage 94%
2026-03-01 10:14:15 INFO Product page viewed
2026-03-01 10:16:05 INFO Health check OK
2026-03-01 10:17:10 WARNING Disk usage 97%
2026-03-01 10:18:22 INFO User logout successful
2026-03-01 10:19:05 ERROR Database connection failed
2026-03-01 10:20:10 INFO File uploaded
2026-03-01 10:21:20 WARNING CPU usage 95%
2026-03-01 10:22:10 INFO Cache refreshed
2026-03-01 10:23:15 ERROR API rate limit exceeded
2026-03-01 10:24:10 INFO Product added to cart
2026-03-01 10:25:20 WARNING High memory usage detected
2026-03-01 10:26:15 INFO Health check OK
2026-03-01 10:28:10 INFO Server started successfully
2026-03-01 10:29:05 INFO Order placed successfully
2026-03-01 10:30:12 WARNING Disk usage 98%
2026-03-01 10:31:20 INFO Product page viewed
2026-03-01 10:32:10 ERROR Payment gateway timeout
2026-03-01 10:33:25 INFO Inventory updated
2026-03-01 10:34:10 WARNING CPU usage 96%
2026-03-01 10:35:00 INFO Health check OK
2026-03-01 10:37:22 INFO Cache refreshed
2026-03-01 10:38:30 WARNING High memory usage detected
2026-03-01 10:39:10 INFO User login successful